2022-12-27 16:47:45,679 [Worker-7: Loading available Gradle versions] INFO  o.e.b.c.i.u.g.PublishedGradleVersions - Gradle version information cache is up-to-date. Trying to read.
2022-12-27 16:48:14,779 [Worker-4: Importing Maven projects] INFO  o.e.m.c.i.l.LifecycleMappingFactory - Using org.eclipse.m2e.jdt.JarLifecycleMapping lifecycle mapping for MavenProject: com.GymManagement:FitnessClub:0.0.1-SNAPSHOT @ S:\Spring Projects\Gym Management\Backend\FitnessClub\pom.xml.
2022-12-27 16:48:16,699 [Worker-4: Importing Maven projects] INFO  o.e.m.j.i.AbstractJavaProjectConfigurator - Adding source folder /FitnessClub/src/main/java
2022-12-27 16:48:16,700 [Worker-4: Importing Maven projects] INFO  o.e.m.j.i.AbstractJavaProjectConfigurator - Adding resource folder /FitnessClub/src/main/resources
2022-12-27 16:48:16,730 [Worker-4: Importing Maven projects] INFO  o.e.m.j.i.AbstractJavaProjectConfigurator - Adding resource folder /FitnessClub/src/main/resources
2022-12-27 16:48:16,748 [Worker-4: Importing Maven projects] INFO  o.e.m.j.i.AbstractJavaProjectConfigurator - Adding source folder /FitnessClub/src/test/java
2022-12-27 16:48:19,892 [Worker-4: Importing Maven projects] INFO  o.e.m.c.i.p.ProjectConfigurationManager - Imported and configured 1 project(s) in 8 sec
2022-12-27 16:48:22,278 [Worker-4: Building] INFO  o.a.m.s.f.DefaultMavenResourcesFiltering - Copying 1 resource
2022-12-27 16:48:22,305 [Worker-4: Building] INFO  o.a.m.s.f.DefaultMavenResourcesFiltering - Copying 0 resource
2022-12-27 16:48:22,310 [Worker-4: Building] INFO  o.a.m.s.f.DefaultMavenResourcesFiltering - skip non existing resourceDirectory S:\Spring Projects\Gym Management\Backend\FitnessClub\src\test\resources
2022-12-27 16:48:46,032 [Worker-1: Building] INFO  o.a.m.s.f.DefaultMavenResourcesFiltering - Copying 0 resource
2022-12-27 16:48:46,032 [Worker-1: Building] INFO  o.a.m.s.f.DefaultMavenResourcesFiltering - Copying 0 resource
2022-12-27 16:48:46,036 [Worker-1: Building] INFO  o.a.m.s.f.DefaultMavenResourcesFiltering - skip non existing resourceDirectory S:\Spring Projects\Gym Management\Backend\FitnessClub\src\test\resources
2022-12-27 16:49:37,637 [Worker-1: Building] INFO  o.a.m.s.f.DefaultMavenResourcesFiltering - Copying 1 resource
2022-12-27 16:49:37,648 [Worker-1: Building] INFO  o.a.m.s.f.DefaultMavenResourcesFiltering - Copying 0 resource
2022-12-27 16:49:37,653 [Worker-1: Building] INFO  o.a.m.s.f.DefaultMavenResourcesFiltering - skip non existing resourceDirectory S:\Spring Projects\Gym Management\Backend\FitnessClub\src\test\resources
2022-12-27 16:49:55,949 [Worker-7: Building] INFO  o.a.m.s.f.DefaultMavenResourcesFiltering - Copying 1 resource
2022-12-27 16:49:55,954 [Worker-7: Building] INFO  o.a.m.s.f.DefaultMavenResourcesFiltering - Copying 0 resource
2022-12-27 16:49:55,957 [Worker-7: Building] INFO  o.a.m.s.f.DefaultMavenResourcesFiltering - skip non existing resourceDirectory S:\Spring Projects\Gym Management\Backend\FitnessClub\src\test\resources
2022-12-27 16:50:55,313 [Worker-0: Building] INFO  o.a.m.s.f.DefaultMavenResourcesFiltering - Copying 1 resource
2022-12-27 16:50:55,319 [Worker-0: Building] INFO  o.a.m.s.f.DefaultMavenResourcesFiltering - Copying 0 resource
2022-12-27 16:50:55,322 [Worker-0: Building] INFO  o.a.m.s.f.DefaultMavenResourcesFiltering - skip non existing resourceDirectory S:\Spring Projects\Gym Management\Backend\FitnessClub\src\test\resources
2022-12-27 17:42:17,327 [Worker-17: Building] INFO  o.a.m.s.f.DefaultMavenResourcesFiltering - Copying 1 resource
2022-12-27 17:42:17,369 [Worker-17: Building] INFO  o.a.m.s.f.DefaultMavenResourcesFiltering - Copying 0 resource
2022-12-27 17:42:17,373 [Worker-17: Building] INFO  o.a.m.s.f.DefaultMavenResourcesFiltering - skip non existing resourceDirectory S:\Spring Projects\Gym Management\Backend\FitnessClub\src\test\resources
2022-12-27 17:44:46,113 [Worker-19: Building] INFO  o.e.m.c.i.l.LifecycleMappingFactory - Using org.eclipse.m2e.jdt.JarLifecycleMapping lifecycle mapping for MavenProject: com.GymManagement:FitnessClub:0.0.1-SNAPSHOT @ S:\Spring Projects\Gym Management\Backend\FitnessClub\pom.xml.
2022-12-27 17:44:49,892 [Worker-19: Building] INFO  o.a.m.s.f.DefaultMavenResourcesFiltering - Copying 0 resource
2022-12-27 17:44:49,892 [Worker-19: Building] INFO  o.a.m.s.f.DefaultMavenResourcesFiltering - Copying 0 resource
2022-12-27 17:44:49,896 [Worker-19: Building] INFO  o.a.m.s.f.DefaultMavenResourcesFiltering - skip non existing resourceDirectory S:\Spring Projects\Gym Management\Backend\FitnessClub\src\test\resources
2022-12-27 17:44:52,693 [Worker-22: Download sources and javadoc] INFO  o.e.m.c.i.e.AbstractTransferListenerAdapter - Downloading https://repo.maven.apache.org/maven2/org/springframework/boot/spring-boot-starter-data-mongodb/3.0.1/spring-boot-starter-data-mongodb-3.0.1-sources.jar
2022-12-27 17:44:52,967 [Worker-19: Building] INFO  o.a.m.s.f.DefaultMavenResourcesFiltering - Copying 1 resource
2022-12-27 17:44:52,996 [Worker-19: Building] INFO  o.a.m.s.f.DefaultMavenResourcesFiltering - Copying 0 resource
2022-12-27 17:44:53,002 [Worker-19: Building] INFO  o.a.m.s.f.DefaultMavenResourcesFiltering - skip non existing resourceDirectory S:\Spring Projects\Gym Management\Backend\FitnessClub\src\test\resources
2022-12-27 17:44:53,347 [Worker-22: Download sources and javadoc] INFO  o.e.m.c.i.e.AbstractTransferListenerAdapter - Downloaded https://repo.maven.apache.org/maven2/org/springframework/boot/spring-boot-starter-data-mongodb/3.0.1/spring-boot-starter-data-mongodb-3.0.1-sources.jar
2022-12-27 17:44:53,356 [Worker-22: Download sources and javadoc] INFO  o.e.m.j.internal.DownloadSourcesJob - Downloaded sources for org.springframework.boot:spring-boot-starter-data-mongodb:3.0.1
2022-12-27 17:44:54,745 [Worker-22: Download sources and javadoc] INFO  o.e.m.c.i.e.AbstractTransferListenerAdapter - Downloading https://repo.maven.apache.org/maven2/org/mongodb/mongodb-driver-sync/4.8.1/mongodb-driver-sync-4.8.1-sources.jar
2022-12-27 17:44:55,238 [Worker-22: Download sources and javadoc] INFO  o.e.m.c.i.e.AbstractTransferListenerAdapter - Downloaded https://repo.maven.apache.org/maven2/org/mongodb/mongodb-driver-sync/4.8.1/mongodb-driver-sync-4.8.1-sources.jar
2022-12-27 17:44:55,243 [Worker-22: Download sources and javadoc] INFO  o.e.m.j.internal.DownloadSourcesJob - Downloaded sources for org.mongodb:mongodb-driver-sync:4.8.1
2022-12-27 17:44:55,945 [Worker-22: Download sources and javadoc] INFO  o.e.m.c.i.e.AbstractTransferListenerAdapter - Downloading https://repo.maven.apache.org/maven2/org/mongodb/bson/4.8.1/bson-4.8.1-sources.jar
2022-12-27 17:44:56,876 [Worker-22: Download sources and javadoc] INFO  o.e.m.c.i.e.AbstractTransferListenerAdapter - Downloaded https://repo.maven.apache.org/maven2/org/mongodb/bson/4.8.1/bson-4.8.1-sources.jar
2022-12-27 17:44:56,887 [Worker-22: Download sources and javadoc] INFO  o.e.m.j.internal.DownloadSourcesJob - Downloaded sources for org.mongodb:bson:4.8.1
2022-12-27 17:44:57,706 [Worker-22: Download sources and javadoc] INFO  o.e.m.c.i.e.AbstractTransferListenerAdapter - Downloading https://repo.maven.apache.org/maven2/org/mongodb/mongodb-driver-core/4.8.1/mongodb-driver-core-4.8.1-sources.jar
2022-12-27 17:44:58,995 [Worker-22: Download sources and javadoc] INFO  o.e.m.c.i.e.AbstractTransferListenerAdapter - Downloaded https://repo.maven.apache.org/maven2/org/mongodb/mongodb-driver-core/4.8.1/mongodb-driver-core-4.8.1-sources.jar
2022-12-27 17:44:59,000 [Worker-22: Download sources and javadoc] INFO  o.e.m.j.internal.DownloadSourcesJob - Downloaded sources for org.mongodb:mongodb-driver-core:4.8.1
2022-12-27 17:44:59,777 [Worker-22: Download sources and javadoc] INFO  o.e.m.c.i.e.AbstractTransferListenerAdapter - Downloading https://repo.maven.apache.org/maven2/org/mongodb/bson-record-codec/4.8.1/bson-record-codec-4.8.1-sources.jar
2022-12-27 17:45:00,114 [Worker-22: Download sources and javadoc] INFO  o.e.m.c.i.e.AbstractTransferListenerAdapter - Downloaded https://repo.maven.apache.org/maven2/org/mongodb/bson-record-codec/4.8.1/bson-record-codec-4.8.1-sources.jar
2022-12-27 17:45:00,118 [Worker-22: Download sources and javadoc] INFO  o.e.m.j.internal.DownloadSourcesJob - Downloaded sources for org.mongodb:bson-record-codec:4.8.1
2022-12-27 17:45:00,844 [Worker-22: Download sources and javadoc] INFO  o.e.m.c.i.e.AbstractTransferListenerAdapter - Downloading https://repo.maven.apache.org/maven2/org/springframework/data/spring-data-mongodb/4.0.0/spring-data-mongodb-4.0.0-sources.jar
2022-12-27 17:45:02,071 [Worker-22: Download sources and javadoc] INFO  o.e.m.c.i.e.AbstractTransferListenerAdapter - Downloaded https://repo.maven.apache.org/maven2/org/springframework/data/spring-data-mongodb/4.0.0/spring-data-mongodb-4.0.0-sources.jar
2022-12-27 17:45:02,075 [Worker-22: Download sources and javadoc] INFO  o.e.m.j.internal.DownloadSourcesJob - Downloaded sources for org.springframework.data:spring-data-mongodb:4.0.0
2022-12-27 17:45:02,604 [Worker-24: Building] INFO  o.a.m.s.f.DefaultMavenResourcesFiltering - Copying 0 resource
2022-12-27 17:45:02,604 [Worker-24: Building] INFO  o.a.m.s.f.DefaultMavenResourcesFiltering - Copying 0 resource
2022-12-27 17:45:02,608 [Worker-24: Building] INFO  o.a.m.s.f.DefaultMavenResourcesFiltering - skip non existing resourceDirectory S:\Spring Projects\Gym Management\Backend\FitnessClub\src\test\resources
2022-12-27 17:59:29,187 [Worker-19: Building] INFO  o.a.m.s.f.DefaultMavenResourcesFiltering - Copying 1 resource
2022-12-27 17:59:29,273 [Worker-19: Building] INFO  o.a.m.s.f.DefaultMavenResourcesFiltering - Copying 0 resource
2022-12-27 17:59:29,277 [Worker-19: Building] INFO  o.a.m.s.f.DefaultMavenResourcesFiltering - skip non existing resourceDirectory S:\Spring Projects\Gym Management\Backend\FitnessClub\src\test\resources
2022-12-27 17:59:55,263 [Worker-19: Building] INFO  o.a.m.s.f.DefaultMavenResourcesFiltering - Copying 1 resource
2022-12-27 17:59:55,274 [Worker-19: Building] INFO  o.a.m.s.f.DefaultMavenResourcesFiltering - Copying 0 resource
2022-12-27 17:59:55,277 [Worker-19: Building] INFO  o.a.m.s.f.DefaultMavenResourcesFiltering - skip non existing resourceDirectory S:\Spring Projects\Gym Management\Backend\FitnessClub\src\test\resources
2022-12-27 18:01:58,486 [Worker-19: Building] INFO  o.a.m.s.f.DefaultMavenResourcesFiltering - Copying 1 resource
2022-12-27 18:01:58,608 [Worker-19: Building] INFO  o.a.m.s.f.DefaultMavenResourcesFiltering - Copying 0 resource
2022-12-27 18:01:58,614 [Worker-19: Building] INFO  o.a.m.s.f.DefaultMavenResourcesFiltering - skip non existing resourceDirectory S:\Spring Projects\Gym Management\Backend\FitnessClub\src\test\resources
2022-12-27 18:03:49,544 [Worker-27: Building] INFO  o.a.m.s.f.DefaultMavenResourcesFiltering - Copying 1 resource
2022-12-27 18:03:49,552 [Worker-27: Building] INFO  o.a.m.s.f.DefaultMavenResourcesFiltering - Copying 0 resource
2022-12-27 18:03:49,554 [Worker-27: Building] INFO  o.a.m.s.f.DefaultMavenResourcesFiltering - skip non existing resourceDirectory S:\Spring Projects\Gym Management\Backend\FitnessClub\src\test\resources
2022-12-27 18:04:27,587 [Worker-21: Building] INFO  o.a.m.s.f.DefaultMavenResourcesFiltering - Copying 1 resource
2022-12-27 18:04:27,734 [Worker-21: Building] INFO  o.a.m.s.f.DefaultMavenResourcesFiltering - Copying 0 resource
2022-12-27 18:04:27,741 [Worker-21: Building] INFO  o.a.m.s.f.DefaultMavenResourcesFiltering - skip non existing resourceDirectory S:\Spring Projects\Gym Management\Backend\FitnessClub\src\test\resources
2022-12-27 18:06:24,765 [Worker-26: Building] INFO  o.a.m.s.f.DefaultMavenResourcesFiltering - Copying 1 resource
2022-12-27 18:06:24,825 [Worker-26: Building] INFO  o.a.m.s.f.DefaultMavenResourcesFiltering - Copying 0 resource
2022-12-27 18:06:24,828 [Worker-26: Building] INFO  o.a.m.s.f.DefaultMavenResourcesFiltering - skip non existing resourceDirectory S:\Spring Projects\Gym Management\Backend\FitnessClub\src\test\resources
2022-12-27 18:06:42,486 [Worker-25: Building] INFO  o.a.m.s.f.DefaultMavenResourcesFiltering - Copying 1 resource
2022-12-27 18:06:42,626 [Worker-25: Building] INFO  o.a.m.s.f.DefaultMavenResourcesFiltering - Copying 0 resource
2022-12-27 18:06:42,633 [Worker-25: Building] INFO  o.a.m.s.f.DefaultMavenResourcesFiltering - skip non existing resourceDirectory S:\Spring Projects\Gym Management\Backend\FitnessClub\src\test\resources
2022-12-27 18:06:50,225 [Worker-25: Building] INFO  o.a.m.s.f.DefaultMavenResourcesFiltering - Copying 1 resource
2022-12-27 18:06:50,231 [Worker-25: Building] INFO  o.a.m.s.f.DefaultMavenResourcesFiltering - Copying 0 resource
2022-12-27 18:06:50,238 [Worker-25: Building] INFO  o.a.m.s.f.DefaultMavenResourcesFiltering - skip non existing resourceDirectory S:\Spring Projects\Gym Management\Backend\FitnessClub\src\test\resources
2022-12-27 18:07:08,221 [Worker-25: Building] INFO  o.a.m.s.f.DefaultMavenResourcesFiltering - Copying 1 resource
2022-12-27 18:07:08,398 [Worker-25: Building] INFO  o.a.m.s.f.DefaultMavenResourcesFiltering - Copying 0 resource
2022-12-27 18:07:08,401 [Worker-25: Building] INFO  o.a.m.s.f.DefaultMavenResourcesFiltering - skip non existing resourceDirectory S:\Spring Projects\Gym Management\Backend\FitnessClub\src\test\resources
2022-12-27 18:07:40,326 [Worker-26: Building] INFO  o.a.m.s.f.DefaultMavenResourcesFiltering - Copying 1 resource
2022-12-27 18:07:40,379 [Worker-26: Building] INFO  o.a.m.s.f.DefaultMavenResourcesFiltering - Copying 0 resource
2022-12-27 18:07:40,399 [Worker-26: Building] INFO  o.a.m.s.f.DefaultMavenResourcesFiltering - skip non existing resourceDirectory S:\Spring Projects\Gym Management\Backend\FitnessClub\src\test\resources
2022-12-27 18:08:22,326 [Worker-26: Building] INFO  o.a.m.s.f.DefaultMavenResourcesFiltering - Copying 1 resource
2022-12-27 18:08:22,456 [Worker-26: Building] INFO  o.a.m.s.f.DefaultMavenResourcesFiltering - Copying 0 resource
2022-12-27 18:08:22,459 [Worker-26: Building] INFO  o.a.m.s.f.DefaultMavenResourcesFiltering - skip non existing resourceDirectory S:\Spring Projects\Gym Management\Backend\FitnessClub\src\test\resources
2022-12-27 18:12:59,736 [Worker-33: Building] INFO  o.a.m.s.f.DefaultMavenResourcesFiltering - Copying 1 resource
2022-12-27 18:12:59,742 [Worker-33: Building] INFO  o.a.m.s.f.DefaultMavenResourcesFiltering - Copying 0 resource
2022-12-27 18:12:59,744 [Worker-33: Building] INFO  o.a.m.s.f.DefaultMavenResourcesFiltering - skip non existing resourceDirectory S:\Spring Projects\Gym Management\Backend\FitnessClub\src\test\resources
2022-12-27 18:15:24,684 [Worker-34: Building] INFO  o.a.m.s.f.DefaultMavenResourcesFiltering - Copying 1 resource
2022-12-27 18:15:24,765 [Worker-34: Building] INFO  o.a.m.s.f.DefaultMavenResourcesFiltering - Copying 0 resource
2022-12-27 18:15:24,769 [Worker-34: Building] INFO  o.a.m.s.f.DefaultMavenResourcesFiltering - skip non existing resourceDirectory S:\Spring Projects\Gym Management\Backend\FitnessClub\src\test\resources
2022-12-27 18:15:32,650 [Worker-36: Building] INFO  o.a.m.s.f.DefaultMavenResourcesFiltering - Copying 1 resource
2022-12-27 18:15:32,655 [Worker-36: Building] INFO  o.a.m.s.f.DefaultMavenResourcesFiltering - Copying 0 resource
2022-12-27 18:15:32,658 [Worker-36: Building] INFO  o.a.m.s.f.DefaultMavenResourcesFiltering - skip non existing resourceDirectory S:\Spring Projects\Gym Management\Backend\FitnessClub\src\test\resources
2022-12-27 18:16:07,656 [Worker-36: Building] INFO  o.a.m.s.f.DefaultMavenResourcesFiltering - Copying 1 resource
2022-12-27 18:16:07,680 [Worker-36: Building] INFO  o.a.m.s.f.DefaultMavenResourcesFiltering - Copying 0 resource
2022-12-27 18:16:07,682 [Worker-36: Building] INFO  o.a.m.s.f.DefaultMavenResourcesFiltering - skip non existing resourceDirectory S:\Spring Projects\Gym Management\Backend\FitnessClub\src\test\resources
2022-12-27 18:19:14,708 [Worker-39: Building] INFO  o.a.m.s.f.DefaultMavenResourcesFiltering - Copying 1 resource
2022-12-27 18:19:14,727 [Worker-39: Building] INFO  o.a.m.s.f.DefaultMavenResourcesFiltering - Copying 0 resource
2022-12-27 18:19:14,728 [Worker-39: Building] INFO  o.a.m.s.f.DefaultMavenResourcesFiltering - skip non existing resourceDirectory S:\Spring Projects\Gym Management\Backend\FitnessClub\src\test\resources
2022-12-27 18:22:25,856 [Worker-40: Building] INFO  o.a.m.s.f.DefaultMavenResourcesFiltering - Copying 1 resource
2022-12-27 18:22:25,877 [Worker-40: Building] INFO  o.a.m.s.f.DefaultMavenResourcesFiltering - Copying 0 resource
2022-12-27 18:22:25,879 [Worker-40: Building] INFO  o.a.m.s.f.DefaultMavenResourcesFiltering - skip non existing resourceDirectory S:\Spring Projects\Gym Management\Backend\FitnessClub\src\test\resources
2022-12-27 18:33:09,599 [Worker-41: Building] INFO  o.a.m.s.f.DefaultMavenResourcesFiltering - Copying 1 resource
2022-12-27 18:33:09,611 [Worker-41: Building] INFO  o.a.m.s.f.DefaultMavenResourcesFiltering - Copying 0 resource
2022-12-27 18:33:09,612 [Worker-41: Building] INFO  o.a.m.s.f.DefaultMavenResourcesFiltering - skip non existing resourceDirectory S:\Spring Projects\Gym Management\Backend\FitnessClub\src\test\resources
2022-12-27 19:02:10,919 [Worker-50: Building] INFO  o.a.m.s.f.DefaultMavenResourcesFiltering - Copying 1 resource
2022-12-27 19:02:10,935 [Worker-50: Building] INFO  o.a.m.s.f.DefaultMavenResourcesFiltering - Copying 0 resource
2022-12-27 19:02:10,937 [Worker-50: Building] INFO  o.a.m.s.f.DefaultMavenResourcesFiltering - skip non existing resourceDirectory S:\Spring Projects\Gym Management\Backend\FitnessClub\src\test\resources
2022-12-27 19:02:17,049 [Worker-47: Building] INFO  o.a.m.s.f.DefaultMavenResourcesFiltering - Copying 1 resource
2022-12-27 19:02:17,094 [Worker-47: Building] INFO  o.a.m.s.f.DefaultMavenResourcesFiltering - Copying 0 resource
2022-12-27 19:02:17,097 [Worker-47: Building] INFO  o.a.m.s.f.DefaultMavenResourcesFiltering - skip non existing resourceDirectory S:\Spring Projects\Gym Management\Backend\FitnessClub\src\test\resources
2022-12-27 19:03:22,827 [Worker-51: Building] INFO  o.a.m.s.f.DefaultMavenResourcesFiltering - Copying 1 resource
2022-12-27 19:03:22,832 [Worker-51: Building] INFO  o.a.m.s.f.DefaultMavenResourcesFiltering - Copying 0 resource
2022-12-27 19:03:22,833 [Worker-51: Building] INFO  o.a.m.s.f.DefaultMavenResourcesFiltering - skip non existing resourceDirectory S:\Spring Projects\Gym Management\Backend\FitnessClub\src\test\resources
2022-12-27 19:04:54,127 [Worker-52: Building] INFO  o.a.m.s.f.DefaultMavenResourcesFiltering - Copying 1 resource
2022-12-27 19:04:54,131 [Worker-52: Building] INFO  o.a.m.s.f.DefaultMavenResourcesFiltering - Copying 0 resource
2022-12-27 19:04:54,132 [Worker-52: Building] INFO  o.a.m.s.f.DefaultMavenResourcesFiltering - skip non existing resourceDirectory S:\Spring Projects\Gym Management\Backend\FitnessClub\src\test\resources
2022-12-27 19:06:37,698 [Worker-53: Building] INFO  o.a.m.s.f.DefaultMavenResourcesFiltering - Copying 1 resource
2022-12-27 19:06:37,702 [Worker-53: Building] INFO  o.a.m.s.f.DefaultMavenResourcesFiltering - Copying 0 resource
2022-12-27 19:06:37,703 [Worker-53: Building] INFO  o.a.m.s.f.DefaultMavenResourcesFiltering - skip non existing resourceDirectory S:\Spring Projects\Gym Management\Backend\FitnessClub\src\test\resources
2022-12-27 19:10:29,215 [Worker-50: Building] INFO  o.a.m.s.f.DefaultMavenResourcesFiltering - Copying 1 resource
2022-12-27 19:10:29,220 [Worker-50: Building] INFO  o.a.m.s.f.DefaultMavenResourcesFiltering - Copying 0 resource
2022-12-27 19:10:29,222 [Worker-50: Building] INFO  o.a.m.s.f.DefaultMavenResourcesFiltering - skip non existing resourceDirectory S:\Spring Projects\Gym Management\Backend\FitnessClub\src\test\resources
2022-12-27 19:13:03,339 [Worker-58: Building] INFO  o.a.m.s.f.DefaultMavenResourcesFiltering - Copying 1 resource
2022-12-27 19:13:03,346 [Worker-58: Building] INFO  o.a.m.s.f.DefaultMavenResourcesFiltering - Copying 0 resource
2022-12-27 19:13:03,348 [Worker-58: Building] INFO  o.a.m.s.f.DefaultMavenResourcesFiltering - skip non existing resourceDirectory S:\Spring Projects\Gym Management\Backend\FitnessClub\src\test\resources
2022-12-27 19:13:35,534 [Worker-57: Building] INFO  o.a.m.s.f.DefaultMavenResourcesFiltering - Copying 1 resource
2022-12-27 19:13:35,542 [Worker-57: Building] INFO  o.a.m.s.f.DefaultMavenResourcesFiltering - Copying 0 resource
2022-12-27 19:13:35,543 [Worker-57: Building] INFO  o.a.m.s.f.DefaultMavenResourcesFiltering - skip non existing resourceDirectory S:\Spring Projects\Gym Management\Backend\FitnessClub\src\test\resources
2022-12-27 19:24:22,124 [Worker-63: Building] INFO  o.a.m.s.f.DefaultMavenResourcesFiltering - Copying 1 resource
2022-12-27 19:24:22,130 [Worker-63: Building] INFO  o.a.m.s.f.DefaultMavenResourcesFiltering - Copying 0 resource
2022-12-27 19:24:22,132 [Worker-63: Building] INFO  o.a.m.s.f.DefaultMavenResourcesFiltering - skip non existing resourceDirectory S:\Spring Projects\Gym Management\Backend\FitnessClub\src\test\resources
2022-12-27 19:25:09,255 [Worker-64: Building] INFO  o.a.m.s.f.DefaultMavenResourcesFiltering - Copying 1 resource
2022-12-27 19:25:09,270 [Worker-64: Building] INFO  o.a.m.s.f.DefaultMavenResourcesFiltering - Copying 0 resource
2022-12-27 19:25:09,272 [Worker-64: Building] INFO  o.a.m.s.f.DefaultMavenResourcesFiltering - skip non existing resourceDirectory S:\Spring Projects\Gym Management\Backend\FitnessClub\src\test\resources
2022-12-27 19:26:23,888 [Worker-65: Building] INFO  o.a.m.s.f.DefaultMavenResourcesFiltering - Copying 1 resource
2022-12-27 19:26:23,894 [Worker-65: Building] INFO  o.a.m.s.f.DefaultMavenResourcesFiltering - Copying 0 resource
2022-12-27 19:26:23,897 [Worker-65: Building] INFO  o.a.m.s.f.DefaultMavenResourcesFiltering - skip non existing resourceDirectory S:\Spring Projects\Gym Management\Backend\FitnessClub\src\test\resources
2022-12-27 19:27:48,869 [Worker-63: Building] INFO  o.a.m.s.f.DefaultMavenResourcesFiltering - Copying 1 resource
2022-12-27 19:27:48,876 [Worker-63: Building] INFO  o.a.m.s.f.DefaultMavenResourcesFiltering - Copying 0 resource
2022-12-27 19:27:48,877 [Worker-63: Building] INFO  o.a.m.s.f.DefaultMavenResourcesFiltering - skip non existing resourceDirectory S:\Spring Projects\Gym Management\Backend\FitnessClub\src\test\resources
2022-12-27 19:29:17,911 [Worker-66: Building] INFO  o.a.m.s.f.DefaultMavenResourcesFiltering - Copying 1 resource
2022-12-27 19:29:17,985 [Worker-66: Building] INFO  o.a.m.s.f.DefaultMavenResourcesFiltering - Copying 0 resource
2022-12-27 19:29:17,988 [Worker-66: Building] INFO  o.a.m.s.f.DefaultMavenResourcesFiltering - skip non existing resourceDirectory S:\Spring Projects\Gym Management\Backend\FitnessClub\src\test\resources
2022-12-27 19:36:46,368 [Worker-64: Building] INFO  o.a.m.s.f.DefaultMavenResourcesFiltering - Copying 1 resource
2022-12-27 19:36:46,372 [Worker-64: Building] INFO  o.a.m.s.f.DefaultMavenResourcesFiltering - Copying 0 resource
2022-12-27 19:36:46,374 [Worker-64: Building] INFO  o.a.m.s.f.DefaultMavenResourcesFiltering - skip non existing resourceDirectory S:\Spring Projects\Gym Management\Backend\FitnessClub\src\test\resources
2022-12-27 19:37:07,674 [Worker-59: Building] INFO  o.a.m.s.f.DefaultMavenResourcesFiltering - Copying 1 resource
2022-12-27 19:37:07,681 [Worker-59: Building] INFO  o.a.m.s.f.DefaultMavenResourcesFiltering - Copying 0 resource
2022-12-27 19:37:07,683 [Worker-59: Building] INFO  o.a.m.s.f.DefaultMavenResourcesFiltering - skip non existing resourceDirectory S:\Spring Projects\Gym Management\Backend\FitnessClub\src\test\resources
2022-12-27 19:40:50,908 [Worker-69: Building] INFO  o.a.m.s.f.DefaultMavenResourcesFiltering - Copying 1 resource
2022-12-27 19:40:50,914 [Worker-69: Building] INFO  o.a.m.s.f.DefaultMavenResourcesFiltering - Copying 0 resource
2022-12-27 19:40:50,915 [Worker-69: Building] INFO  o.a.m.s.f.DefaultMavenResourcesFiltering - skip non existing resourceDirectory S:\Spring Projects\Gym Management\Backend\FitnessClub\src\test\resources
2022-12-27 19:49:45,158 [Worker-73: Building] INFO  o.a.m.s.f.DefaultMavenResourcesFiltering - Copying 1 resource
2022-12-27 19:49:45,172 [Worker-73: Building] INFO  o.a.m.s.f.DefaultMavenResourcesFiltering - Copying 0 resource
2022-12-27 19:49:45,173 [Worker-73: Building] INFO  o.a.m.s.f.DefaultMavenResourcesFiltering - skip non existing resourceDirectory S:\Spring Projects\Gym Management\Backend\FitnessClub\src\test\resources
2022-12-27 19:50:24,894 [Worker-73: Building] INFO  o.a.m.s.f.DefaultMavenResourcesFiltering - Copying 1 resource
2022-12-27 19:50:24,898 [Worker-73: Building] INFO  o.a.m.s.f.DefaultMavenResourcesFiltering - Copying 0 resource
2022-12-27 19:50:24,899 [Worker-73: Building] INFO  o.a.m.s.f.DefaultMavenResourcesFiltering - skip non existing resourceDirectory S:\Spring Projects\Gym Management\Backend\FitnessClub\src\test\resources
2022-12-27 19:51:05,339 [Worker-76: Building] INFO  o.a.m.s.f.DefaultMavenResourcesFiltering - Copying 1 resource
2022-12-27 19:51:05,346 [Worker-76: Building] INFO  o.a.m.s.f.DefaultMavenResourcesFiltering - Copying 0 resource
2022-12-27 19:51:05,348 [Worker-76: Building] INFO  o.a.m.s.f.DefaultMavenResourcesFiltering - skip non existing resourceDirectory S:\Spring Projects\Gym Management\Backend\FitnessClub\src\test\resources
2022-12-27 19:51:32,736 [Worker-76: Building] INFO  o.a.m.s.f.DefaultMavenResourcesFiltering - Copying 1 resource
2022-12-27 19:51:32,740 [Worker-76: Building] INFO  o.a.m.s.f.DefaultMavenResourcesFiltering - Copying 0 resource
2022-12-27 19:51:32,742 [Worker-76: Building] INFO  o.a.m.s.f.DefaultMavenResourcesFiltering - skip non existing resourceDirectory S:\Spring Projects\Gym Management\Backend\FitnessClub\src\test\resources
2022-12-27 19:53:58,980 [Worker-77: Building] INFO  o.a.m.s.f.DefaultMavenResourcesFiltering - Copying 1 resource
2022-12-27 19:53:58,985 [Worker-77: Building] INFO  o.a.m.s.f.DefaultMavenResourcesFiltering - Copying 0 resource
2022-12-27 19:53:58,986 [Worker-77: Building] INFO  o.a.m.s.f.DefaultMavenResourcesFiltering - skip non existing resourceDirectory S:\Spring Projects\Gym Management\Backend\FitnessClub\src\test\resources
2022-12-27 19:56:04,964 [Worker-79: Building] INFO  o.a.m.s.f.DefaultMavenResourcesFiltering - Copying 1 resource
2022-12-27 19:56:04,968 [Worker-79: Building] INFO  o.a.m.s.f.DefaultMavenResourcesFiltering - Copying 0 resource
2022-12-27 19:56:04,970 [Worker-79: Building] INFO  o.a.m.s.f.DefaultMavenResourcesFiltering - skip non existing resourceDirectory S:\Spring Projects\Gym Management\Backend\FitnessClub\src\test\resources
2022-12-27 19:56:07,901 [Worker-77: Building] INFO  o.a.m.s.f.DefaultMavenResourcesFiltering - Copying 1 resource
2022-12-27 19:56:07,905 [Worker-77: Building] INFO  o.a.m.s.f.DefaultMavenResourcesFiltering - Copying 0 resource
2022-12-27 19:56:07,907 [Worker-77: Building] INFO  o.a.m.s.f.DefaultMavenResourcesFiltering - skip non existing resourceDirectory S:\Spring Projects\Gym Management\Backend\FitnessClub\src\test\resources
2022-12-27 19:57:06,233 [Worker-71: Building] INFO  o.a.m.s.f.DefaultMavenResourcesFiltering - Copying 1 resource
2022-12-27 19:57:06,245 [Worker-71: Building] INFO  o.a.m.s.f.DefaultMavenResourcesFiltering - Copying 0 resource
2022-12-27 19:57:06,247 [Worker-71: Building] INFO  o.a.m.s.f.DefaultMavenResourcesFiltering - skip non existing resourceDirectory S:\Spring Projects\Gym Management\Backend\FitnessClub\src\test\resources
2022-12-27 19:57:28,483 [Worker-71: Building] INFO  o.a.m.s.f.DefaultMavenResourcesFiltering - Copying 1 resource
2022-12-27 19:57:28,488 [Worker-71: Building] INFO  o.a.m.s.f.DefaultMavenResourcesFiltering - Copying 0 resource
2022-12-27 19:57:28,489 [Worker-71: Building] INFO  o.a.m.s.f.DefaultMavenResourcesFiltering - skip non existing resourceDirectory S:\Spring Projects\Gym Management\Backend\FitnessClub\src\test\resources
2022-12-27 20:02:44,467 [Worker-71: Building] INFO  o.a.m.s.f.DefaultMavenResourcesFiltering - Copying 1 resource
2022-12-27 20:02:44,471 [Worker-71: Building] INFO  o.a.m.s.f.DefaultMavenResourcesFiltering - Copying 0 resource
2022-12-27 20:02:44,472 [Worker-71: Building] INFO  o.a.m.s.f.DefaultMavenResourcesFiltering - skip non existing resourceDirectory S:\Spring Projects\Gym Management\Backend\FitnessClub\src\test\resources
2022-12-27 20:09:26,424 [Worker-73: Building] INFO  o.a.m.s.f.DefaultMavenResourcesFiltering - Copying 1 resource
2022-12-27 20:09:26,430 [Worker-73: Building] INFO  o.a.m.s.f.DefaultMavenResourcesFiltering - Copying 0 resource
2022-12-27 20:09:26,431 [Worker-73: Building] INFO  o.a.m.s.f.DefaultMavenResourcesFiltering - skip non existing resourceDirectory S:\Spring Projects\Gym Management\Backend\FitnessClub\src\test\resources
2022-12-27 20:12:07,653 [Worker-80: Building] INFO  o.a.m.s.f.DefaultMavenResourcesFiltering - Copying 1 resource
2022-12-27 20:12:07,658 [Worker-80: Building] INFO  o.a.m.s.f.DefaultMavenResourcesFiltering - Copying 0 resource
2022-12-27 20:12:07,660 [Worker-80: Building] INFO  o.a.m.s.f.DefaultMavenResourcesFiltering - skip non existing resourceDirectory S:\Spring Projects\Gym Management\Backend\FitnessClub\src\test\resources
2022-12-27 20:13:50,905 [Worker-81: Building] INFO  o.a.m.s.f.DefaultMavenResourcesFiltering - Copying 1 resource
2022-12-27 20:13:50,909 [Worker-81: Building] INFO  o.a.m.s.f.DefaultMavenResourcesFiltering - Copying 0 resource
2022-12-27 20:13:50,911 [Worker-81: Building] INFO  o.a.m.s.f.DefaultMavenResourcesFiltering - skip non existing resourceDirectory S:\Spring Projects\Gym Management\Backend\FitnessClub\src\test\resources
2022-12-27 20:19:11,638 [Worker-73: Building] INFO  o.a.m.s.f.DefaultMavenResourcesFiltering - Copying 1 resource
2022-12-27 20:19:11,649 [Worker-73: Building] INFO  o.a.m.s.f.DefaultMavenResourcesFiltering - Copying 0 resource
2022-12-27 20:19:11,651 [Worker-73: Building] INFO  o.a.m.s.f.DefaultMavenResourcesFiltering - skip non existing resourceDirectory S:\Spring Projects\Gym Management\Backend\FitnessClub\src\test\resources
2022-12-27 20:19:20,019 [Worker-87: Building] INFO  o.a.m.s.f.DefaultMavenResourcesFiltering - Copying 1 resource
2022-12-27 20:19:20,037 [Worker-87: Building] INFO  o.a.m.s.f.DefaultMavenResourcesFiltering - Copying 0 resource
2022-12-27 20:19:20,038 [Worker-87: Building] INFO  o.a.m.s.f.DefaultMavenResourcesFiltering - skip non existing resourceDirectory S:\Spring Projects\Gym Management\Backend\FitnessClub\src\test\resources
2022-12-27 20:25:40,211 [Worker-90: Building] INFO  o.a.m.s.f.DefaultMavenResourcesFiltering - Copying 1 resource
2022-12-27 20:25:40,217 [Worker-90: Building] INFO  o.a.m.s.f.DefaultMavenResourcesFiltering - Copying 0 resource
2022-12-27 20:25:40,219 [Worker-90: Building] INFO  o.a.m.s.f.DefaultMavenResourcesFiltering - skip non existing resourceDirectory S:\Spring Projects\Gym Management\Backend\FitnessClub\src\test\resources
2022-12-27 20:26:13,857 [Worker-90: Building] INFO  o.a.m.s.f.DefaultMavenResourcesFiltering - Copying 1 resource
2022-12-27 20:26:13,867 [Worker-90: Building] INFO  o.a.m.s.f.DefaultMavenResourcesFiltering - Copying 0 resource
2022-12-27 20:26:13,868 [Worker-90: Building] INFO  o.a.m.s.f.DefaultMavenResourcesFiltering - skip non existing resourceDirectory S:\Spring Projects\Gym Management\Backend\FitnessClub\src\test\resources
2022-12-27 20:31:37,733 [Worker-88: Building] INFO  o.a.m.s.f.DefaultMavenResourcesFiltering - Copying 1 resource
2022-12-27 20:31:37,740 [Worker-88: Building] INFO  o.a.m.s.f.DefaultMavenResourcesFiltering - Copying 0 resource
2022-12-27 20:31:37,741 [Worker-88: Building] INFO  o.a.m.s.f.DefaultMavenResourcesFiltering - skip non existing resourceDirectory S:\Spring Projects\Gym Management\Backend\FitnessClub\src\test\resources
2022-12-27 20:36:03,961 [Worker-96: Building] INFO  o.a.m.s.f.DefaultMavenResourcesFiltering - Copying 1 resource
2022-12-27 20:36:03,965 [Worker-96: Building] INFO  o.a.m.s.f.DefaultMavenResourcesFiltering - Copying 0 resource
2022-12-27 20:36:03,966 [Worker-96: Building] INFO  o.a.m.s.f.DefaultMavenResourcesFiltering - skip non existing resourceDirectory S:\Spring Projects\Gym Management\Backend\FitnessClub\src\test\resources
2022-12-27 20:38:23,518 [Worker-96: Building] INFO  o.a.m.s.f.DefaultMavenResourcesFiltering - Copying 1 resource
2022-12-27 20:38:23,523 [Worker-96: Building] INFO  o.a.m.s.f.DefaultMavenResourcesFiltering - Copying 0 resource
2022-12-27 20:38:23,525 [Worker-96: Building] INFO  o.a.m.s.f.DefaultMavenResourcesFiltering - skip non existing resourceDirectory S:\Spring Projects\Gym Management\Backend\FitnessClub\src\test\resources
2022-12-27 20:42:33,037 [Worker-99: Building] INFO  o.a.m.s.f.DefaultMavenResourcesFiltering - Copying 1 resource
2022-12-27 20:42:33,044 [Worker-99: Building] INFO  o.a.m.s.f.DefaultMavenResourcesFiltering - Copying 0 resource
2022-12-27 20:42:33,044 [Worker-99: Building] INFO  o.a.m.s.f.DefaultMavenResourcesFiltering - skip non existing resourceDirectory S:\Spring Projects\Gym Management\Backend\FitnessClub\src\test\resources
2022-12-27 20:42:59,164 [Worker-100: Building] INFO  o.a.m.s.f.DefaultMavenResourcesFiltering - Copying 1 resource
2022-12-27 20:42:59,169 [Worker-100: Building] INFO  o.a.m.s.f.DefaultMavenResourcesFiltering - Copying 0 resource
2022-12-27 20:42:59,170 [Worker-100: Building] INFO  o.a.m.s.f.DefaultMavenResourcesFiltering - skip non existing resourceDirectory S:\Spring Projects\Gym Management\Backend\FitnessClub\src\test\resources
2022-12-27 20:44:51,238 [Worker-101: Building] INFO  o.a.m.s.f.DefaultMavenResourcesFiltering - Copying 1 resource
2022-12-27 20:44:51,244 [Worker-101: Building] INFO  o.a.m.s.f.DefaultMavenResourcesFiltering - Copying 0 resource
2022-12-27 20:44:51,245 [Worker-101: Building] INFO  o.a.m.s.f.DefaultMavenResourcesFiltering - skip non existing resourceDirectory S:\Spring Projects\Gym Management\Backend\FitnessClub\src\test\resources
2022-12-27 20:47:33,378 [Worker-105: Building] INFO  o.a.m.s.f.DefaultMavenResourcesFiltering - Copying 1 resource
2022-12-27 20:47:33,381 [Worker-105: Building] INFO  o.a.m.s.f.DefaultMavenResourcesFiltering - Copying 0 resource
2022-12-27 20:47:33,382 [Worker-105: Building] INFO  o.a.m.s.f.DefaultMavenResourcesFiltering - skip non existing resourceDirectory S:\Spring Projects\Gym Management\Backend\FitnessClub\src\test\resources
2022-12-27 20:49:49,037 [Worker-100: Building] INFO  o.a.m.s.f.DefaultMavenResourcesFiltering - Copying 1 resource
2022-12-27 20:49:49,043 [Worker-100: Building] INFO  o.a.m.s.f.DefaultMavenResourcesFiltering - Copying 0 resource
2022-12-27 20:49:49,044 [Worker-100: Building] INFO  o.a.m.s.f.DefaultMavenResourcesFiltering - skip non existing resourceDirectory S:\Spring Projects\Gym Management\Backend\FitnessClub\src\test\resources
2022-12-27 20:50:12,524 [Worker-106: Building] INFO  o.a.m.s.f.DefaultMavenResourcesFiltering - Copying 1 resource
2022-12-27 20:50:12,528 [Worker-106: Building] INFO  o.a.m.s.f.DefaultMavenResourcesFiltering - Copying 0 resource
2022-12-27 20:50:12,529 [Worker-106: Building] INFO  o.a.m.s.f.DefaultMavenResourcesFiltering - skip non existing resourceDirectory S:\Spring Projects\Gym Management\Backend\FitnessClub\src\test\resources
2022-12-27 20:50:53,740 [Worker-109: Building] INFO  o.a.m.s.f.DefaultMavenResourcesFiltering - Copying 1 resource
2022-12-27 20:50:53,746 [Worker-109: Building] INFO  o.a.m.s.f.DefaultMavenResourcesFiltering - Copying 0 resource
2022-12-27 20:50:53,747 [Worker-109: Building] INFO  o.a.m.s.f.DefaultMavenResourcesFiltering - skip non existing resourceDirectory S:\Spring Projects\Gym Management\Backend\FitnessClub\src\test\resources
2022-12-27 20:51:44,087 [Worker-107: Building] INFO  o.a.m.s.f.DefaultMavenResourcesFiltering - Copying 1 resource
2022-12-27 20:51:44,091 [Worker-107: Building] INFO  o.a.m.s.f.DefaultMavenResourcesFiltering - Copying 0 resource
2022-12-27 20:51:44,092 [Worker-107: Building] INFO  o.a.m.s.f.DefaultMavenResourcesFiltering - skip non existing resourceDirectory S:\Spring Projects\Gym Management\Backend\FitnessClub\src\test\resources
2022-12-27 20:57:16,768 [Worker-108: Building] INFO  o.a.m.s.f.DefaultMavenResourcesFiltering - Copying 1 resource
2022-12-27 20:57:16,775 [Worker-108: Building] INFO  o.a.m.s.f.DefaultMavenResourcesFiltering - Copying 0 resource
2022-12-27 20:57:16,776 [Worker-108: Building] INFO  o.a.m.s.f.DefaultMavenResourcesFiltering - skip non existing resourceDirectory S:\Spring Projects\Gym Management\Backend\FitnessClub\src\test\resources
2022-12-27 20:59:42,780 [Worker-109: Building] INFO  o.a.m.s.f.DefaultMavenResourcesFiltering - Copying 1 resource
2022-12-27 20:59:42,786 [Worker-109: Building] INFO  o.a.m.s.f.DefaultMavenResourcesFiltering - Copying 0 resource
2022-12-27 20:59:42,787 [Worker-109: Building] INFO  o.a.m.s.f.DefaultMavenResourcesFiltering - skip non existing resourceDirectory S:\Spring Projects\Gym Management\Backend\FitnessClub\src\test\resources
2022-12-27 21:05:00,111 [Worker-109: Building] INFO  o.a.m.s.f.DefaultMavenResourcesFiltering - Copying 1 resource
2022-12-27 21:05:00,115 [Worker-109: Building] INFO  o.a.m.s.f.DefaultMavenResourcesFiltering - Copying 0 resource
2022-12-27 21:05:00,117 [Worker-109: Building] INFO  o.a.m.s.f.DefaultMavenResourcesFiltering - skip non existing resourceDirectory S:\Spring Projects\Gym Management\Backend\FitnessClub\src\test\resources
2022-12-27 21:05:26,884 [Worker-114: Building] INFO  o.a.m.s.f.DefaultMavenResourcesFiltering - Copying 1 resource
2022-12-27 21:05:26,888 [Worker-114: Building] INFO  o.a.m.s.f.DefaultMavenResourcesFiltering - Copying 0 resource
2022-12-27 21:05:26,889 [Worker-114: Building] INFO  o.a.m.s.f.DefaultMavenResourcesFiltering - skip non existing resourceDirectory S:\Spring Projects\Gym Management\Backend\FitnessClub\src\test\resources
2022-12-27 21:05:33,976 [Worker-101: Building] INFO  o.a.m.s.f.DefaultMavenResourcesFiltering - Copying 1 resource
2022-12-27 21:05:33,980 [Worker-101: Building] INFO  o.a.m.s.f.DefaultMavenResourcesFiltering - Copying 0 resource
2022-12-27 21:05:33,981 [Worker-101: Building] INFO  o.a.m.s.f.DefaultMavenResourcesFiltering - skip non existing resourceDirectory S:\Spring Projects\Gym Management\Backend\FitnessClub\src\test\resources
2022-12-27 21:06:24,206 [Worker-109: Building] INFO  o.a.m.s.f.DefaultMavenResourcesFiltering - Copying 1 resource
2022-12-27 21:06:24,210 [Worker-109: Building] INFO  o.a.m.s.f.DefaultMavenResourcesFiltering - Copying 0 resource
2022-12-27 21:06:24,212 [Worker-109: Building] INFO  o.a.m.s.f.DefaultMavenResourcesFiltering - skip non existing resourceDirectory S:\Spring Projects\Gym Management\Backend\FitnessClub\src\test\resources
2022-12-27 21:06:54,972 [Worker-113: Building] INFO  o.a.m.s.f.DefaultMavenResourcesFiltering - Copying 1 resource
2022-12-27 21:06:54,978 [Worker-113: Building] INFO  o.a.m.s.f.DefaultMavenResourcesFiltering - Copying 0 resource
2022-12-27 21:06:54,980 [Worker-113: Building] INFO  o.a.m.s.f.DefaultMavenResourcesFiltering - skip non existing resourceDirectory S:\Spring Projects\Gym Management\Backend\FitnessClub\src\test\resources
2022-12-27 21:07:44,672 [Worker-112: Building] INFO  o.a.m.s.f.DefaultMavenResourcesFiltering - Copying 1 resource
2022-12-27 21:07:44,678 [Worker-112: Building] INFO  o.a.m.s.f.DefaultMavenResourcesFiltering - Copying 0 resource
2022-12-27 21:07:44,680 [Worker-112: Building] INFO  o.a.m.s.f.DefaultMavenResourcesFiltering - skip non existing resourceDirectory S:\Spring Projects\Gym Management\Backend\FitnessClub\src\test\resources
2022-12-27 21:10:16,626 [Worker-113: Building] INFO  o.a.m.s.f.DefaultMavenResourcesFiltering - Copying 1 resource
2022-12-27 21:10:16,630 [Worker-113: Building] INFO  o.a.m.s.f.DefaultMavenResourcesFiltering - Copying 0 resource
2022-12-27 21:10:16,632 [Worker-113: Building] INFO  o.a.m.s.f.DefaultMavenResourcesFiltering - skip non existing resourceDirectory S:\Spring Projects\Gym Management\Backend\FitnessClub\src\test\resources
2022-12-27 21:10:20,846 [Worker-112: Building] INFO  o.a.m.s.f.DefaultMavenResourcesFiltering - Copying 1 resource
2022-12-27 21:10:20,854 [Worker-112: Building] INFO  o.a.m.s.f.DefaultMavenResourcesFiltering - Copying 0 resource
2022-12-27 21:10:20,857 [Worker-112: Building] INFO  o.a.m.s.f.DefaultMavenResourcesFiltering - skip non existing resourceDirectory S:\Spring Projects\Gym Management\Backend\FitnessClub\src\test\resources
2022-12-28 13:00:35,880 [Worker-0: Loading available Gradle versions] INFO  o.e.b.c.i.u.g.PublishedGradleVersions - Gradle version information cache is out-of-date. Trying to update.
2022-12-28 13:00:36,454 [Worker-0: Loading available Gradle versions] INFO  o.e.b.c.i.u.g.PublishedGradleVersions - Updating Gradle version information cache failed. Using outdated cache.
